/*C22*/SET SCHEMA PUBLIC
drop table domain_event_entry if exists
SET SCHEMA SYSTEM_LOBS
DELETE FROM LOB_IDS WHERE LOB_ID=37
INSERT INTO LOB_IDS VALUES(37,12,0,30)
DELETE FROM LOB_IDS WHERE LOB_ID=38
INSERT INTO LOB_IDS VALUES(38,160,0,30)
DELETE FROM LOB_IDS WHERE LOB_ID=39
INSERT INTO LOB_IDS VALUES(39,12,0,30)
DELETE FROM LOB_IDS WHERE LOB_ID=40
INSERT INTO LOB_IDS VALUES(40,106,0,30)
DELETE FROM LOB_IDS WHERE LOB_ID=41
INSERT INTO LOB_IDS VALUES(41,12,0,30)
DELETE FROM LOB_IDS WHERE LOB_ID=42
INSERT INTO LOB_IDS VALUES(42,106,0,30)
DELETE FROM LOB_IDS WHERE LOB_ID=43
INSERT INTO LOB_IDS VALUES(43,12,0,30)
DELETE FROM LOB_IDS WHERE LOB_ID=44
INSERT INTO LOB_IDS VALUES(44,471,0,30)
DELETE FROM LOB_IDS WHERE LOB_ID=45
INSERT INTO LOB_IDS VALUES(45,12,0,30)
DELETE FROM LOB_IDS WHERE LOB_ID=46
INSERT INTO LOB_IDS VALUES(46,471,0,30)
DELETE FROM LOB_IDS WHERE LOB_ID=47
INSERT INTO LOB_IDS VALUES(47,12,0,30)
DELETE FROM LOB_IDS WHERE LOB_ID=48
INSERT INTO LOB_IDS VALUES(48,471,0,30)
DELETE FROM LOB_IDS WHERE LOB_ID=49
INSERT INTO LOB_IDS VALUES(49,12,0,30)
DELETE FROM LOB_IDS WHERE LOB_ID=50
INSERT INTO LOB_IDS VALUES(50,471,0,30)
DELETE FROM LOB_IDS WHERE LOB_ID=51
INSERT INTO LOB_IDS VALUES(51,12,0,30)
DELETE FROM LOB_IDS WHERE LOB_ID=52
INSERT INTO LOB_IDS VALUES(52,471,0,30)
COMMIT
SET SCHEMA PUBLIC
drop table snapshot_event_entry if exists
create table domain_event_entry (global_index bigint generated by default as identity (start with 1), event_identifier varchar(255) not null, meta_data blob(255), payload blob(255) not null, payload_revision varchar(255), payload_type varchar(255) not null, time_stamp varchar(255) not null, aggregate_identifier varchar(255) not null, sequence_number bigint not null, type varchar(255) not null, primary key (global_index))
create table snapshot_event_entry (aggregate_identifier varchar(255) not null, sequence_number bigint not null, type varchar(255) not null, event_identifier varchar(255) not null, meta_data blob(255), payload blob(255) not null, payload_revision varchar(255), payload_type varchar(255) not null, time_stamp varchar(255) not null, primary key (aggregate_identifier, sequence_number, type))
alter table domain_event_entry add constraint UK8s1f994p4la2ipb13me2xqm1w unique (aggregate_identifier, sequence_number)
alter table domain_event_entry add constraint UK_fwe6lsa8bfo6hyas6ud3m8c7x unique (event_identifier)
alter table snapshot_event_entry add constraint UK_e1uucjseo68gopmnd0vgdl44h unique (event_identifier)
/*C1*/SET SCHEMA SYSTEM_LOBS
INSERT INTO LOB_IDS VALUES(53,12,0,30)
ALTER SEQUENCE SYSTEM_LOBS.LOB_ID RESTART WITH 54
COMMIT
DELETE FROM BLOCKS WHERE BLOCK_ADDR=52
INSERT INTO BLOCKS VALUES(52,1,0)
INSERT INTO BLOCKS VALUES(53,2147483594,0)
DELETE FROM BLOCKS WHERE BLOCK_ADDR=52
INSERT INTO LOBS VALUES(52,1,0,53)
COMMIT
INSERT INTO LOB_IDS VALUES(54,160,0,30)
ALTER SEQUENCE SYSTEM_LOBS.LOB_ID RESTART WITH 55
COMMIT
DELETE FROM BLOCKS WHERE BLOCK_ADDR=53
INSERT INTO BLOCKS VALUES(53,1,0)
INSERT INTO BLOCKS VALUES(54,2147483593,0)
DELETE FROM BLOCKS WHERE BLOCK_ADDR=53
INSERT INTO LOBS VALUES(53,1,0,54)
COMMIT
/*C22*/INSERT INTO DOMAIN_EVENT_ENTRY VALUES(1,'724d31e5-3676-4f43-88c3-78ea39857f1f',53,54,NULL,'com.thoughtworks.domain.event.ItemInitializedEvent','2017-01-18T09:07:21.890Z','XYZ',0,'Item')
SET SCHEMA SYSTEM_LOBS
DELETE FROM LOB_IDS WHERE LOB_ID=53
INSERT INTO LOB_IDS VALUES(53,12,1,30)
DELETE FROM LOB_IDS WHERE LOB_ID=54
INSERT INTO LOB_IDS VALUES(54,160,1,30)
COMMIT
/*C1*/INSERT INTO LOB_IDS VALUES(55,12,0,30)
ALTER SEQUENCE SYSTEM_LOBS.LOB_ID RESTART WITH 56
COMMIT
DELETE FROM BLOCKS WHERE BLOCK_ADDR=54
INSERT INTO BLOCKS VALUES(54,1,0)
INSERT INTO BLOCKS VALUES(55,2147483592,0)
DELETE FROM BLOCKS WHERE BLOCK_ADDR=54
INSERT INTO LOBS VALUES(54,1,0,55)
COMMIT
INSERT INTO LOB_IDS VALUES(56,106,0,30)
ALTER SEQUENCE SYSTEM_LOBS.LOB_ID RESTART WITH 57
COMMIT
DELETE FROM BLOCKS WHERE BLOCK_ADDR=55
INSERT INTO BLOCKS VALUES(55,1,0)
INSERT INTO BLOCKS VALUES(56,2147483591,0)
DELETE FROM BLOCKS WHERE BLOCK_ADDR=55
INSERT INTO LOBS VALUES(55,1,0,56)
COMMIT
/*C22*/SET SCHEMA PUBLIC
INSERT INTO DOMAIN_EVENT_ENTRY VALUES(2,'4bdebc8f-85f6-4f1b-a324-55e5fa0157e2',55,56,NULL,'com.thoughtworks.domain.event.SKUAddedEvent','2017-01-18T09:07:25.871Z','XYZ',1,'Item')
SET SCHEMA SYSTEM_LOBS
DELETE FROM LOB_IDS WHERE LOB_ID=55
INSERT INTO LOB_IDS VALUES(55,12,1,30)
DELETE FROM LOB_IDS WHERE LOB_ID=56
INSERT INTO LOB_IDS VALUES(56,106,1,30)
COMMIT
/*C1*/INSERT INTO LOB_IDS VALUES(57,12,0,30)
ALTER SEQUENCE SYSTEM_LOBS.LOB_ID RESTART WITH 58
COMMIT
DELETE FROM BLOCKS WHERE BLOCK_ADDR=56
INSERT INTO BLOCKS VALUES(56,1,0)
INSERT INTO BLOCKS VALUES(57,2147483590,0)
DELETE FROM BLOCKS WHERE BLOCK_ADDR=56
INSERT INTO LOBS VALUES(56,1,0,57)
COMMIT
INSERT INTO LOB_IDS VALUES(58,106,0,30)
ALTER SEQUENCE SYSTEM_LOBS.LOB_ID RESTART WITH 59
COMMIT
DELETE FROM BLOCKS WHERE BLOCK_ADDR=57
INSERT INTO BLOCKS VALUES(57,1,0)
INSERT INTO BLOCKS VALUES(58,2147483589,0)
DELETE FROM BLOCKS WHERE BLOCK_ADDR=57
INSERT INTO LOBS VALUES(57,1,0,58)
COMMIT
/*C22*/SET SCHEMA PUBLIC
INSERT INTO DOMAIN_EVENT_ENTRY VALUES(3,'737ee0ed-75d2-4899-9670-b980b307033c',57,58,NULL,'com.thoughtworks.domain.event.SKUAddedEvent','2017-01-18T09:07:29.024Z','XYZ',2,'Item')
SET SCHEMA SYSTEM_LOBS
DELETE FROM LOB_IDS WHERE LOB_ID=57
INSERT INTO LOB_IDS VALUES(57,12,1,30)
DELETE FROM LOB_IDS WHERE LOB_ID=58
INSERT INTO LOB_IDS VALUES(58,106,1,30)
COMMIT
/*C1*/INSERT INTO LOB_IDS VALUES(59,12,0,30)
ALTER SEQUENCE SYSTEM_LOBS.LOB_ID RESTART WITH 60
COMMIT
DELETE FROM BLOCKS WHERE BLOCK_ADDR=58
INSERT INTO BLOCKS VALUES(58,1,0)
INSERT INTO BLOCKS VALUES(59,2147483588,0)
DELETE FROM BLOCKS WHERE BLOCK_ADDR=58
INSERT INTO LOBS VALUES(58,1,0,59)
COMMIT
INSERT INTO LOB_IDS VALUES(60,106,0,30)
ALTER SEQUENCE SYSTEM_LOBS.LOB_ID RESTART WITH 61
COMMIT
DELETE FROM BLOCKS WHERE BLOCK_ADDR=59
INSERT INTO BLOCKS VALUES(59,1,0)
INSERT INTO BLOCKS VALUES(60,2147483587,0)
DELETE FROM BLOCKS WHERE BLOCK_ADDR=59
INSERT INTO LOBS VALUES(59,1,0,60)
COMMIT
/*C22*/SET SCHEMA PUBLIC
INSERT INTO DOMAIN_EVENT_ENTRY VALUES(4,'50b5485d-8aaf-40d9-aae2-48f6204c591c',59,60,NULL,'com.thoughtworks.domain.event.SKUAddedEvent','2017-01-18T09:07:31.633Z','XYZ',3,'Item')
SET SCHEMA SYSTEM_LOBS
DELETE FROM LOB_IDS WHERE LOB_ID=59
INSERT INTO LOB_IDS VALUES(59,12,1,30)
DELETE FROM LOB_IDS WHERE LOB_ID=60
INSERT INTO LOB_IDS VALUES(60,106,1,30)
COMMIT
/*C1*/INSERT INTO LOB_IDS VALUES(61,12,0,30)
ALTER SEQUENCE SYSTEM_LOBS.LOB_ID RESTART WITH 62
COMMIT
DELETE FROM BLOCKS WHERE BLOCK_ADDR=60
INSERT INTO BLOCKS VALUES(60,1,0)
INSERT INTO BLOCKS VALUES(61,2147483586,0)
DELETE FROM BLOCKS WHERE BLOCK_ADDR=60
INSERT INTO LOBS VALUES(60,1,0,61)
COMMIT
INSERT INTO LOB_IDS VALUES(62,471,0,30)
ALTER SEQUENCE SYSTEM_LOBS.LOB_ID RESTART WITH 63
COMMIT
DELETE FROM BLOCKS WHERE BLOCK_ADDR=61
INSERT INTO BLOCKS VALUES(61,1,0)
INSERT INTO BLOCKS VALUES(62,2147483585,0)
DELETE FROM BLOCKS WHERE BLOCK_ADDR=61
INSERT INTO LOBS VALUES(61,1,0,62)
COMMIT
/*C22*/SET SCHEMA PUBLIC
INSERT INTO DOMAIN_EVENT_ENTRY VALUES(5,'c0a9b1cf-de53-4494-b3c0-6eea8e018a4e',61,62,NULL,'com.thoughtworks.domain.event.SKUAllocatedToOrderItemEvent','2017-01-18T09:08:42.977Z','XYZ',4,'Item')
SET SCHEMA SYSTEM_LOBS
DELETE FROM LOB_IDS WHERE LOB_ID=61
INSERT INTO LOB_IDS VALUES(61,12,1,30)
DELETE FROM LOB_IDS WHERE LOB_ID=62
INSERT INTO LOB_IDS VALUES(62,471,1,30)
COMMIT
/*C1*/INSERT INTO LOB_IDS VALUES(63,12,0,30)
ALTER SEQUENCE SYSTEM_LOBS.LOB_ID RESTART WITH 64
COMMIT
DELETE FROM BLOCKS WHERE BLOCK_ADDR=62
INSERT INTO BLOCKS VALUES(62,1,0)
INSERT INTO BLOCKS VALUES(63,2147483584,0)
DELETE FROM BLOCKS WHERE BLOCK_ADDR=62
INSERT INTO LOBS VALUES(62,1,0,63)
COMMIT
INSERT INTO LOB_IDS VALUES(64,471,0,30)
ALTER SEQUENCE SYSTEM_LOBS.LOB_ID RESTART WITH 65
COMMIT
DELETE FROM BLOCKS WHERE BLOCK_ADDR=63
INSERT INTO BLOCKS VALUES(63,1,0)
INSERT INTO BLOCKS VALUES(64,2147483583,0)
DELETE FROM BLOCKS WHERE BLOCK_ADDR=63
INSERT INTO LOBS VALUES(63,1,0,64)
COMMIT
/*C22*/SET SCHEMA PUBLIC
INSERT INTO DOMAIN_EVENT_ENTRY VALUES(6,'d32b2deb-ecb2-427a-b53c-0b5f207c5830',63,64,NULL,'com.thoughtworks.domain.event.SKUAllocatedToOrderItemEvent','2017-01-18T09:18:44.238Z','XYZ',5,'Item')
SET SCHEMA SYSTEM_LOBS
DELETE FROM LOB_IDS WHERE LOB_ID=63
INSERT INTO LOB_IDS VALUES(63,12,1,30)
DELETE FROM LOB_IDS WHERE LOB_ID=64
INSERT INTO LOB_IDS VALUES(64,471,1,30)
COMMIT
/*C1*/INSERT INTO LOB_IDS VALUES(65,12,0,30)
ALTER SEQUENCE SYSTEM_LOBS.LOB_ID RESTART WITH 66
COMMIT
DELETE FROM BLOCKS WHERE BLOCK_ADDR=64
INSERT INTO BLOCKS VALUES(64,1,0)
INSERT INTO BLOCKS VALUES(65,2147483582,0)
DELETE FROM BLOCKS WHERE BLOCK_ADDR=64
INSERT INTO LOBS VALUES(64,1,0,65)
COMMIT
INSERT INTO LOB_IDS VALUES(66,471,0,30)
ALTER SEQUENCE SYSTEM_LOBS.LOB_ID RESTART WITH 67
COMMIT
DELETE FROM BLOCKS WHERE BLOCK_ADDR=65
INSERT INTO BLOCKS VALUES(65,1,0)
INSERT INTO BLOCKS VALUES(66,2147483581,0)
DELETE FROM BLOCKS WHERE BLOCK_ADDR=65
INSERT INTO LOBS VALUES(65,1,0,66)
COMMIT
/*C22*/SET SCHEMA PUBLIC
INSERT INTO DOMAIN_EVENT_ENTRY VALUES(7,'aab89f21-5dbb-4201-85c0-7c9f94d89578',65,66,NULL,'com.thoughtworks.domain.event.SKUAllocatedToOrderItemEvent','2017-01-18T09:23:17.987Z','XYZ',6,'Item')
SET SCHEMA SYSTEM_LOBS
DELETE FROM LOB_IDS WHERE LOB_ID=65
INSERT INTO LOB_IDS VALUES(65,12,1,30)
DELETE FROM LOB_IDS WHERE LOB_ID=66
INSERT INTO LOB_IDS VALUES(66,471,1,30)
COMMIT
/*C1*/INSERT INTO LOB_IDS VALUES(67,12,0,30)
ALTER SEQUENCE SYSTEM_LOBS.LOB_ID RESTART WITH 68
COMMIT
DELETE FROM BLOCKS WHERE BLOCK_ADDR=66
INSERT INTO BLOCKS VALUES(66,1,0)
INSERT INTO BLOCKS VALUES(67,2147483580,0)
DELETE FROM BLOCKS WHERE BLOCK_ADDR=66
INSERT INTO LOBS VALUES(66,1,0,67)
COMMIT
INSERT INTO LOB_IDS VALUES(68,471,0,30)
ALTER SEQUENCE SYSTEM_LOBS.LOB_ID RESTART WITH 69
COMMIT
DELETE FROM BLOCKS WHERE BLOCK_ADDR=67
INSERT INTO BLOCKS VALUES(67,1,0)
INSERT INTO BLOCKS VALUES(68,2147483579,0)
DELETE FROM BLOCKS WHERE BLOCK_ADDR=67
INSERT INTO LOBS VALUES(67,1,0,68)
COMMIT
/*C22*/SET SCHEMA PUBLIC
INSERT INTO DOMAIN_EVENT_ENTRY VALUES(8,'31cda9e3-4026-4b41-a359-43fcdb20ad71',67,68,NULL,'com.thoughtworks.domain.event.SKUAllocatedToOrderItemEvent','2017-01-18T09:28:28.630Z','XYZ',7,'Item')
SET SCHEMA SYSTEM_LOBS
DELETE FROM LOB_IDS WHERE LOB_ID=67
INSERT INTO LOB_IDS VALUES(67,12,1,30)
DELETE FROM LOB_IDS WHERE LOB_ID=68
INSERT INTO LOB_IDS VALUES(68,471,1,30)
COMMIT
/*C1*/INSERT INTO LOB_IDS VALUES(69,12,0,30)
ALTER SEQUENCE SYSTEM_LOBS.LOB_ID RESTART WITH 70
COMMIT
DELETE FROM BLOCKS WHERE BLOCK_ADDR=68
INSERT INTO BLOCKS VALUES(68,1,0)
INSERT INTO BLOCKS VALUES(69,2147483578,0)
DELETE FROM BLOCKS WHERE BLOCK_ADDR=68
INSERT INTO LOBS VALUES(68,1,0,69)
COMMIT
INSERT INTO LOB_IDS VALUES(70,471,0,30)
ALTER SEQUENCE SYSTEM_LOBS.LOB_ID RESTART WITH 71
COMMIT
DELETE FROM BLOCKS WHERE BLOCK_ADDR=69
INSERT INTO BLOCKS VALUES(69,1,0)
INSERT INTO BLOCKS VALUES(70,2147483577,0)
DELETE FROM BLOCKS WHERE BLOCK_ADDR=69
INSERT INTO LOBS VALUES(69,1,0,70)
COMMIT
/*C22*/SET SCHEMA PUBLIC
INSERT INTO DOMAIN_EVENT_ENTRY VALUES(9,'c0304ab5-b276-4c30-8fed-13c4088311a3',69,70,NULL,'com.thoughtworks.domain.event.SKUAllocatedToOrderItemEvent','2017-01-18T09:29:02.113Z','XYZ',8,'Item')
SET SCHEMA SYSTEM_LOBS
DELETE FROM LOB_IDS WHERE LOB_ID=69
INSERT INTO LOB_IDS VALUES(69,12,1,30)
DELETE FROM LOB_IDS WHERE LOB_ID=70
INSERT INTO LOB_IDS VALUES(70,471,1,30)
COMMIT
/*C1*/INSERT INTO LOB_IDS VALUES(71,12,0,30)
ALTER SEQUENCE SYSTEM_LOBS.LOB_ID RESTART WITH 72
COMMIT
DELETE FROM BLOCKS WHERE BLOCK_ADDR=70
INSERT INTO BLOCKS VALUES(70,1,0)
INSERT INTO BLOCKS VALUES(71,2147483576,0)
DELETE FROM BLOCKS WHERE BLOCK_ADDR=70
INSERT INTO LOBS VALUES(70,1,0,71)
COMMIT
INSERT INTO LOB_IDS VALUES(72,471,0,30)
ALTER SEQUENCE SYSTEM_LOBS.LOB_ID RESTART WITH 73
COMMIT
DELETE FROM BLOCKS WHERE BLOCK_ADDR=71
INSERT INTO BLOCKS VALUES(71,1,0)
INSERT INTO BLOCKS VALUES(72,2147483575,0)
DELETE FROM BLOCKS WHERE BLOCK_ADDR=71
INSERT INTO LOBS VALUES(71,1,0,72)
COMMIT
/*C22*/SET SCHEMA PUBLIC
INSERT INTO DOMAIN_EVENT_ENTRY VALUES(10,'c1ef52da-ebd5-43dd-ac69-eef06e8180ec',71,72,NULL,'com.thoughtworks.domain.event.SKUAllocatedToOrderItemEvent','2017-01-18T09:31:33.483Z','XYZ',9,'Item')
SET SCHEMA SYSTEM_LOBS
DELETE FROM LOB_IDS WHERE LOB_ID=71
INSERT INTO LOB_IDS VALUES(71,12,1,30)
DELETE FROM LOB_IDS WHERE LOB_ID=72
INSERT INTO LOB_IDS VALUES(72,471,1,30)
COMMIT
/*C1*/INSERT INTO LOB_IDS VALUES(73,12,0,30)
ALTER SEQUENCE SYSTEM_LOBS.LOB_ID RESTART WITH 74
COMMIT
DELETE FROM BLOCKS WHERE BLOCK_ADDR=72
INSERT INTO BLOCKS VALUES(72,1,0)
INSERT INTO BLOCKS VALUES(73,2147483574,0)
DELETE FROM BLOCKS WHERE BLOCK_ADDR=72
INSERT INTO LOBS VALUES(72,1,0,73)
COMMIT
INSERT INTO LOB_IDS VALUES(74,471,0,30)
ALTER SEQUENCE SYSTEM_LOBS.LOB_ID RESTART WITH 75
COMMIT
DELETE FROM BLOCKS WHERE BLOCK_ADDR=73
INSERT INTO BLOCKS VALUES(73,1,0)
INSERT INTO BLOCKS VALUES(74,2147483573,0)
DELETE FROM BLOCKS WHERE BLOCK_ADDR=73
INSERT INTO LOBS VALUES(73,1,0,74)
COMMIT
/*C22*/SET SCHEMA PUBLIC
INSERT INTO DOMAIN_EVENT_ENTRY VALUES(11,'2378422d-288e-4d9f-9d6e-b85774d7c1dc',73,74,NULL,'com.thoughtworks.domain.event.SKUAllocatedToOrderItemEvent','2017-01-18T09:34:37.122Z','XYZ',10,'Item')
SET SCHEMA SYSTEM_LOBS
DELETE FROM LOB_IDS WHERE LOB_ID=73
INSERT INTO LOB_IDS VALUES(73,12,1,30)
DELETE FROM LOB_IDS WHERE LOB_ID=74
INSERT INTO LOB_IDS VALUES(74,471,1,30)
COMMIT
/*C1*/INSERT INTO LOB_IDS VALUES(75,12,0,30)
ALTER SEQUENCE SYSTEM_LOBS.LOB_ID RESTART WITH 76
COMMIT
DELETE FROM BLOCKS WHERE BLOCK_ADDR=74
INSERT INTO BLOCKS VALUES(74,1,0)
INSERT INTO BLOCKS VALUES(75,2147483572,0)
DELETE FROM BLOCKS WHERE BLOCK_ADDR=74
INSERT INTO LOBS VALUES(74,1,0,75)
COMMIT
INSERT INTO LOB_IDS VALUES(76,160,0,30)
ALTER SEQUENCE SYSTEM_LOBS.LOB_ID RESTART WITH 77
COMMIT
DELETE FROM BLOCKS WHERE BLOCK_ADDR=75
INSERT INTO BLOCKS VALUES(75,1,0)
INSERT INTO BLOCKS VALUES(76,2147483571,0)
DELETE FROM BLOCKS WHERE BLOCK_ADDR=75
INSERT INTO LOBS VALUES(75,1,0,76)
COMMIT
/*C22*/SET SCHEMA PUBLIC
INSERT INTO DOMAIN_EVENT_ENTRY VALUES(12,'dc307e05-53a3-4b68-bbd8-b260caa584af',75,76,NULL,'com.thoughtworks.domain.event.ItemInitializedEvent','2017-01-18T09:51:28.263Z','PEN',0,'Item')
SET SCHEMA SYSTEM_LOBS
DELETE FROM LOB_IDS WHERE LOB_ID=75
INSERT INTO LOB_IDS VALUES(75,12,1,30)
DELETE FROM LOB_IDS WHERE LOB_ID=76
INSERT INTO LOB_IDS VALUES(76,160,1,30)
COMMIT
/*C1*/INSERT INTO LOB_IDS VALUES(77,12,0,30)
ALTER SEQUENCE SYSTEM_LOBS.LOB_ID RESTART WITH 78
COMMIT
DELETE FROM BLOCKS WHERE BLOCK_ADDR=76
INSERT INTO BLOCKS VALUES(76,1,0)
INSERT INTO BLOCKS VALUES(77,2147483570,0)
DELETE FROM BLOCKS WHERE BLOCK_ADDR=76
INSERT INTO LOBS VALUES(76,1,0,77)
COMMIT
INSERT INTO LOB_IDS VALUES(78,106,0,30)
ALTER SEQUENCE SYSTEM_LOBS.LOB_ID RESTART WITH 79
COMMIT
DELETE FROM BLOCKS WHERE BLOCK_ADDR=77
INSERT INTO BLOCKS VALUES(77,1,0)
INSERT INTO BLOCKS VALUES(78,2147483569,0)
DELETE FROM BLOCKS WHERE BLOCK_ADDR=77
INSERT INTO LOBS VALUES(77,1,0,78)
COMMIT
/*C22*/SET SCHEMA PUBLIC
INSERT INTO DOMAIN_EVENT_ENTRY VALUES(13,'8d828e04-91c9-4dd5-afe3-f56a0fa21a26',77,78,NULL,'com.thoughtworks.domain.event.SKUAddedEvent','2017-01-18T09:51:55.127Z','PEN',1,'Item')
SET SCHEMA SYSTEM_LOBS
DELETE FROM LOB_IDS WHERE LOB_ID=77
INSERT INTO LOB_IDS VALUES(77,12,1,30)
DELETE FROM LOB_IDS WHERE LOB_ID=78
INSERT INTO LOB_IDS VALUES(78,106,1,30)
COMMIT
/*C1*/INSERT INTO LOB_IDS VALUES(79,12,0,30)
ALTER SEQUENCE SYSTEM_LOBS.LOB_ID RESTART WITH 80
COMMIT
DELETE FROM BLOCKS WHERE BLOCK_ADDR=78
INSERT INTO BLOCKS VALUES(78,1,0)
INSERT INTO BLOCKS VALUES(79,2147483568,0)
DELETE FROM BLOCKS WHERE BLOCK_ADDR=78
INSERT INTO LOBS VALUES(78,1,0,79)
COMMIT
INSERT INTO LOB_IDS VALUES(80,106,0,30)
ALTER SEQUENCE SYSTEM_LOBS.LOB_ID RESTART WITH 81
COMMIT
DELETE FROM BLOCKS WHERE BLOCK_ADDR=79
INSERT INTO BLOCKS VALUES(79,1,0)
INSERT INTO BLOCKS VALUES(80,2147483567,0)
DELETE FROM BLOCKS WHERE BLOCK_ADDR=79
INSERT INTO LOBS VALUES(79,1,0,80)
COMMIT
/*C22*/SET SCHEMA PUBLIC
INSERT INTO DOMAIN_EVENT_ENTRY VALUES(14,'70d66855-fd62-47d5-8f23-665eda087f9b',79,80,NULL,'com.thoughtworks.domain.event.SKUAddedEvent','2017-01-18T09:52:30.988Z','PEN',2,'Item')
SET SCHEMA SYSTEM_LOBS
DELETE FROM LOB_IDS WHERE LOB_ID=79
INSERT INTO LOB_IDS VALUES(79,12,1,30)
DELETE FROM LOB_IDS WHERE LOB_ID=80
INSERT INTO LOB_IDS VALUES(80,106,1,30)
COMMIT
/*C1*/INSERT INTO LOB_IDS VALUES(81,12,0,30)
ALTER SEQUENCE SYSTEM_LOBS.LOB_ID RESTART WITH 82
COMMIT
DELETE FROM BLOCKS WHERE BLOCK_ADDR=80
INSERT INTO BLOCKS VALUES(80,1,0)
INSERT INTO BLOCKS VALUES(81,2147483566,0)
DELETE FROM BLOCKS WHERE BLOCK_ADDR=80
INSERT INTO LOBS VALUES(80,1,0,81)
COMMIT
INSERT INTO LOB_IDS VALUES(82,106,0,30)
ALTER SEQUENCE SYSTEM_LOBS.LOB_ID RESTART WITH 83
COMMIT
DELETE FROM BLOCKS WHERE BLOCK_ADDR=81
INSERT INTO BLOCKS VALUES(81,1,0)
INSERT INTO BLOCKS VALUES(82,2147483565,0)
DELETE FROM BLOCKS WHERE BLOCK_ADDR=81
INSERT INTO LOBS VALUES(81,1,0,82)
COMMIT
/*C22*/SET SCHEMA PUBLIC
INSERT INTO DOMAIN_EVENT_ENTRY VALUES(15,'3359a861-6a1e-4255-b99e-604ae0e8b4ab',81,82,NULL,'com.thoughtworks.domain.event.SKUAddedEvent','2017-01-18T09:52:37.145Z','PEN',3,'Item')
SET SCHEMA SYSTEM_LOBS
DELETE FROM LOB_IDS WHERE LOB_ID=81
INSERT INTO LOB_IDS VALUES(81,12,1,30)
DELETE FROM LOB_IDS WHERE LOB_ID=82
INSERT INTO LOB_IDS VALUES(82,106,1,30)
COMMIT
/*C1*/INSERT INTO LOB_IDS VALUES(83,12,0,30)
ALTER SEQUENCE SYSTEM_LOBS.LOB_ID RESTART WITH 84
COMMIT
DELETE FROM BLOCKS WHERE BLOCK_ADDR=82
INSERT INTO BLOCKS VALUES(82,1,0)
INSERT INTO BLOCKS VALUES(83,2147483564,0)
DELETE FROM BLOCKS WHERE BLOCK_ADDR=82
INSERT INTO LOBS VALUES(82,1,0,83)
COMMIT
INSERT INTO LOB_IDS VALUES(84,471,0,30)
ALTER SEQUENCE SYSTEM_LOBS.LOB_ID RESTART WITH 85
COMMIT
DELETE FROM BLOCKS WHERE BLOCK_ADDR=83
INSERT INTO BLOCKS VALUES(83,1,0)
INSERT INTO BLOCKS VALUES(84,2147483563,0)
DELETE FROM BLOCKS WHERE BLOCK_ADDR=83
INSERT INTO LOBS VALUES(83,1,0,84)
COMMIT
/*C21*/SET SCHEMA PUBLIC
INSERT INTO DOMAIN_EVENT_ENTRY VALUES(16,'79a26b74-1fd7-466e-9fb5-aa495a102f1f',83,84,NULL,'com.thoughtworks.domain.event.SKUAllocatedToOrderItemEvent','2017-01-18T09:54:43.866Z','PEN',4,'Item')
SET SCHEMA SYSTEM_LOBS
DELETE FROM LOB_IDS WHERE LOB_ID=83
INSERT INTO LOB_IDS VALUES(83,12,1,30)
DELETE FROM LOB_IDS WHERE LOB_ID=84
INSERT INTO LOB_IDS VALUES(84,471,1,30)
COMMIT
/*C1*/INSERT INTO LOB_IDS VALUES(85,12,0,30)
ALTER SEQUENCE SYSTEM_LOBS.LOB_ID RESTART WITH 86
COMMIT
DELETE FROM BLOCKS WHERE BLOCK_ADDR=84
INSERT INTO BLOCKS VALUES(84,1,0)
INSERT INTO BLOCKS VALUES(85,2147483562,0)
DELETE FROM BLOCKS WHERE BLOCK_ADDR=84
INSERT INTO LOBS VALUES(84,1,0,85)
COMMIT
INSERT INTO LOB_IDS VALUES(86,166,0,30)
ALTER SEQUENCE SYSTEM_LOBS.LOB_ID RESTART WITH 87
COMMIT
DELETE FROM BLOCKS WHERE BLOCK_ADDR=85
INSERT INTO BLOCKS VALUES(85,1,0)
INSERT INTO BLOCKS VALUES(86,2147483561,0)
DELETE FROM BLOCKS WHERE BLOCK_ADDR=85
INSERT INTO LOBS VALUES(85,1,0,86)
COMMIT
/*C21*/SET SCHEMA PUBLIC
INSERT INTO DOMAIN_EVENT_ENTRY VALUES(17,'0daab9b5-10df-4cdc-b524-35607d7ea939',85,86,NULL,'com.thoughtworks.domain.event.ItemInitializedEvent','2017-01-18T10:43:20.150Z','KINDLE',0,'Item')
SET SCHEMA SYSTEM_LOBS
DELETE FROM LOB_IDS WHERE LOB_ID=85
INSERT INTO LOB_IDS VALUES(85,12,1,30)
DELETE FROM LOB_IDS WHERE LOB_ID=86
INSERT INTO LOB_IDS VALUES(86,166,1,30)
COMMIT
/*C1*/INSERT INTO LOB_IDS VALUES(87,12,0,30)
ALTER SEQUENCE SYSTEM_LOBS.LOB_ID RESTART WITH 88
COMMIT
DELETE FROM BLOCKS WHERE BLOCK_ADDR=86
INSERT INTO BLOCKS VALUES(86,1,0)
INSERT INTO BLOCKS VALUES(87,2147483560,0)
DELETE FROM BLOCKS WHERE BLOCK_ADDR=86
INSERT INTO LOBS VALUES(86,1,0,87)
COMMIT
INSERT INTO LOB_IDS VALUES(88,106,0,30)
ALTER SEQUENCE SYSTEM_LOBS.LOB_ID RESTART WITH 89
COMMIT
DELETE FROM BLOCKS WHERE BLOCK_ADDR=87
INSERT INTO BLOCKS VALUES(87,1,0)
INSERT INTO BLOCKS VALUES(88,2147483559,0)
DELETE FROM BLOCKS WHERE BLOCK_ADDR=87
INSERT INTO LOBS VALUES(87,1,0,88)
COMMIT
/*C21*/SET SCHEMA PUBLIC
INSERT INTO DOMAIN_EVENT_ENTRY VALUES(18,'51cdba68-c108-49cc-8f6b-90a566e69e19',87,88,NULL,'com.thoughtworks.domain.event.SKUAddedEvent','2017-01-18T10:43:30.630Z','KINDLE',1,'Item')
SET SCHEMA SYSTEM_LOBS
DELETE FROM LOB_IDS WHERE LOB_ID=87
INSERT INTO LOB_IDS VALUES(87,12,1,30)
DELETE FROM LOB_IDS WHERE LOB_ID=88
INSERT INTO LOB_IDS VALUES(88,106,1,30)
COMMIT
/*C1*/INSERT INTO LOB_IDS VALUES(89,12,0,30)
ALTER SEQUENCE SYSTEM_LOBS.LOB_ID RESTART WITH 90
COMMIT
DELETE FROM BLOCKS WHERE BLOCK_ADDR=88
INSERT INTO BLOCKS VALUES(88,1,0)
INSERT INTO BLOCKS VALUES(89,2147483558,0)
DELETE FROM BLOCKS WHERE BLOCK_ADDR=88
INSERT INTO LOBS VALUES(88,1,0,89)
COMMIT
INSERT INTO LOB_IDS VALUES(90,106,0,30)
ALTER SEQUENCE SYSTEM_LOBS.LOB_ID RESTART WITH 91
COMMIT
DELETE FROM BLOCKS WHERE BLOCK_ADDR=89
INSERT INTO BLOCKS VALUES(89,1,0)
INSERT INTO BLOCKS VALUES(90,2147483557,0)
DELETE FROM BLOCKS WHERE BLOCK_ADDR=89
INSERT INTO LOBS VALUES(89,1,0,90)
COMMIT
/*C22*/SET SCHEMA PUBLIC
INSERT INTO DOMAIN_EVENT_ENTRY VALUES(19,'096c324b-451b-44ee-acf7-3f6d6de2d8f8',89,90,NULL,'com.thoughtworks.domain.event.SKUAddedEvent','2017-01-18T10:43:37.383Z','KINDLE',2,'Item')
SET SCHEMA SYSTEM_LOBS
DELETE FROM LOB_IDS WHERE LOB_ID=89
INSERT INTO LOB_IDS VALUES(89,12,1,30)
DELETE FROM LOB_IDS WHERE LOB_ID=90
INSERT INTO LOB_IDS VALUES(90,106,1,30)
COMMIT
/*C1*/INSERT INTO LOB_IDS VALUES(91,12,0,30)
ALTER SEQUENCE SYSTEM_LOBS.LOB_ID RESTART WITH 92
COMMIT
DELETE FROM BLOCKS WHERE BLOCK_ADDR=90
INSERT INTO BLOCKS VALUES(90,1,0)
INSERT INTO BLOCKS VALUES(91,2147483556,0)
DELETE FROM BLOCKS WHERE BLOCK_ADDR=90
INSERT INTO LOBS VALUES(90,1,0,91)
COMMIT
INSERT INTO LOB_IDS VALUES(92,106,0,30)
ALTER SEQUENCE SYSTEM_LOBS.LOB_ID RESTART WITH 93
COMMIT
DELETE FROM BLOCKS WHERE BLOCK_ADDR=91
INSERT INTO BLOCKS VALUES(91,1,0)
INSERT INTO BLOCKS VALUES(92,2147483555,0)
DELETE FROM BLOCKS WHERE BLOCK_ADDR=91
INSERT INTO LOBS VALUES(91,1,0,92)
COMMIT
/*C22*/SET SCHEMA PUBLIC
INSERT INTO DOMAIN_EVENT_ENTRY VALUES(20,'9048ae68-49b0-4de2-94c6-5222281f8071',91,92,NULL,'com.thoughtworks.domain.event.SKUAddedEvent','2017-01-18T10:43:43.508Z','KINDLE',3,'Item')
SET SCHEMA SYSTEM_LOBS
DELETE FROM LOB_IDS WHERE LOB_ID=91
INSERT INTO LOB_IDS VALUES(91,12,1,30)
DELETE FROM LOB_IDS WHERE LOB_ID=92
INSERT INTO LOB_IDS VALUES(92,106,1,30)
COMMIT
/*C1*/INSERT INTO LOB_IDS VALUES(93,12,0,30)
ALTER SEQUENCE SYSTEM_LOBS.LOB_ID RESTART WITH 94
COMMIT
DELETE FROM BLOCKS WHERE BLOCK_ADDR=92
INSERT INTO BLOCKS VALUES(92,1,0)
INSERT INTO BLOCKS VALUES(93,2147483554,0)
DELETE FROM BLOCKS WHERE BLOCK_ADDR=92
INSERT INTO LOBS VALUES(92,1,0,93)
COMMIT
INSERT INTO LOB_IDS VALUES(94,474,0,30)
ALTER SEQUENCE SYSTEM_LOBS.LOB_ID RESTART WITH 95
COMMIT
DELETE FROM BLOCKS WHERE BLOCK_ADDR=93
INSERT INTO BLOCKS VALUES(93,1,0)
INSERT INTO BLOCKS VALUES(94,2147483553,0)
DELETE FROM BLOCKS WHERE BLOCK_ADDR=93
INSERT INTO LOBS VALUES(93,1,0,94)
COMMIT
/*C22*/SET SCHEMA PUBLIC
INSERT INTO DOMAIN_EVENT_ENTRY VALUES(21,'91126521-3ef1-4287-9e9e-fd96033ea29d',93,94,NULL,'com.thoughtworks.domain.event.SKUAllocatedToOrderItemEvent','2017-01-18T10:44:33.333Z','KINDLE',4,'Item')
SET SCHEMA SYSTEM_LOBS
DELETE FROM LOB_IDS WHERE LOB_ID=93
INSERT INTO LOB_IDS VALUES(93,12,1,30)
DELETE FROM LOB_IDS WHERE LOB_ID=94
INSERT INTO LOB_IDS VALUES(94,474,1,30)
COMMIT
SET SCHEMA PUBLIC
DISCONNECT
/*C21*/SET SCHEMA PUBLIC
DISCONNECT
/*C20*/SET SCHEMA PUBLIC
DISCONNECT
/*C19*/SET SCHEMA PUBLIC
DISCONNECT
/*C18*/SET SCHEMA PUBLIC
DISCONNECT
/*C17*/SET SCHEMA PUBLIC
DISCONNECT
/*C16*/SET SCHEMA PUBLIC
DISCONNECT
/*C15*/SET SCHEMA PUBLIC
DISCONNECT
/*C14*/SET SCHEMA PUBLIC
DISCONNECT
/*C13*/SET SCHEMA PUBLIC
DISCONNECT
